
Gurobi 7.5.1 (mac64, Python) logging started Wed Aug 16 11:46:13 2017

Academic license - for non-commercial use only
Parameter Presolve unchanged
   Value: -1  Min: -1  Max: 2  Default: -1
Parameter OutputFlag unchanged
   Value: 1  Min: 0  Max: 1  Default: 1
Optimize a model with 25593 rows, 565041 columns and 1675800 nonzeros
Variable types: 555408 continuous, 9633 integer (9633 binary)
Coefficient statistics:
  Matrix range     [5e-01, 1e+07]
  Objective range  [7e-04, 1e+05]
  Bounds range     [1e+00, 1e+00]
  RHS range        [1e+03, 2e+06]
Found heuristic solution: objective 1.21502e+07
Presolve time: 2.34s
Presolved: 25593 rows, 565041 columns, 1675800 nonzeros
Variable types: 555408 continuous, 9633 integer (9633 binary)

Deterministic concurrent LP optimizer: primal and dual simplex
Showing first log only...

Presolve removed 9576 rows and 9576 columns
Presolved: 16017 rows, 555465 columns, 1656648 nonzeros

Presolve removed 3192 rows and 9633 columns

Root simplex log...

Iteration    Objective       Primal Inf.    Dual Inf.      Time
       0    0.0000000e+00   1.730443e+06   9.408000e+09      5s
    2114    1.2048629e+10   0.000000e+00   7.772895e+09      6s
   64985    1.7796677e+07   0.000000e+00   2.023792e+07     10s
   72089    5.4905164e+06   0.000000e+00   4.627412e+05     16s
   77431    1.1128452e+06   0.000000e+00   1.182063e+06     21s
   84094    5.2597756e+05   0.000000e+00   3.973447e+05     25s
   90317    5.2444676e+05   0.000000e+00   1.694501e+05     31s
   95331    5.2371570e+05   0.000000e+00   3.888358e+05     36s
  100322    5.2304407e+05   0.000000e+00   2.541712e+05     41s
  105238    5.2220111e+05   0.000000e+00   2.417936e+05     45s
  112116    5.2199837e+05   0.000000e+00   3.278278e+05     51s
  119192    5.2160448e+05   0.000000e+00   4.104605e+05     55s
  128371    5.2143332e+05   0.000000e+00   5.624550e+04     60s
  144391    5.2055607e+05   0.000000e+00   2.403695e+02     65s
  151215    5.2054218e+05   0.000000e+00   0.000000e+00     66s
  151215    5.2054218e+05   0.000000e+00   0.000000e+00     66s
Concurrent spin time: 0.02s

Solved with primal simplex

Root relaxation: objective 5.205422e+05, 151215 iterations, 63.52 seconds

    Nodes    |    Current Node    |     Objective Bounds      |     Work
 Expl Unexpl |  Obj  Depth IntInf | Incumbent    BestBd   Gap | It/Node Time

     0     0 520542.183    0  806 1.2150e+07 520542.183  95.7%     -   67s
H    0     0                    5751561.6041 520542.183  90.9%     -   89s
     0     0 520888.843    0  856 5751561.60 520888.843  90.9%     -   91s
     0     0 522328.765    0  869 5751561.60 522328.765  90.9%     -   93s
     0     0 529668.360    0  863 5751561.60 529668.360  90.8%     -   94s
     0     0 544401.303    0  838 5751561.60 544401.303  90.5%     -  103s
     0     0 544403.952    0  839 5751561.60 544403.952  90.5%     -  103s
     0     0 544746.250    0  819 5751561.60 544746.250  90.5%     -  105s
     0     0 545977.432    0  852 5751561.60 545977.432  90.5%     -  110s
     0     0 548881.368    0  874 5751561.60 548881.368  90.5%     -  113s
     0     0 552289.626    0  877 5751561.60 552289.626  90.4%     -  120s
     0     0 556517.468    0  882 5751561.60 556517.468  90.3%     -  134s
     0     0 575253.959    0  887 5751561.60 575253.959  90.0%     -  227s
     0     0 577708.188    0  893 5751561.60 577708.188  90.0%     -  241s
     0     0 578065.872    0  895 5751561.60 578065.872  89.9%     -  246s
     0     0 578074.180    0  894 5751561.60 578074.180  89.9%     -  247s
     0     0 578074.253    0  896 5751561.60 578074.253  89.9%     -  247s
     0     0 579127.832    0  883 5751561.60 579127.832  89.9%     -  254s

Cutting planes:
  Cover: 3
  Implied bound: 3
  MIR: 1
  Flow cover: 978
  Flow path: 314

Explored 1 nodes (172036 simplex iterations) in 1319.90 seconds
Thread count was 4 (of 4 available processors)

Solution count 2: 5.75156e+06 1.21502e+07 

Solve interrupted
Best objective 5.751561604091e+06, best bound 5.791278319472e+05, gap 89.9309%

Gurobi 7.5.1 (mac64, Python) logging started Wed Aug 16 12:12:47 2017

Academic license - for non-commercial use only
Parameter Presolve unchanged
   Value: -1  Min: -1  Max: 2  Default: -1
Parameter OutputFlag unchanged
   Value: 1  Min: 0  Max: 1  Default: 1
Optimize a model with 25593 rows, 565041 columns and 1675800 nonzeros
Variable types: 555408 continuous, 9633 integer (9633 binary)
Coefficient statistics:
  Matrix range     [5e-01, 1e+07]
  Objective range  [7e-04, 1e+05]
  Bounds range     [1e+00, 1e+00]
  RHS range        [1e+03, 2e+06]
Found heuristic solution: objective 1.21502e+07
Presolve time: 1.85s
Presolved: 25593 rows, 565041 columns, 1675800 nonzeros
Variable types: 555408 continuous, 9633 integer (9633 binary)

Deterministic concurrent LP optimizer: primal and dual simplex
Showing first log only...

Presolve removed 9576 rows and 9576 columns
Presolved: 16017 rows, 555465 columns, 1656648 nonzeros

Presolve removed 3192 rows and 9633 columns

Root simplex log...

Iteration    Objective       Primal Inf.    Dual Inf.      Time
   55298    1.1321350e+09   0.000000e+00   4.173247e+06      5s
   69307    1.0856796e+07   0.000000e+00   2.381483e+06     11s
   76114    2.7258311e+06   0.000000e+00   5.666470e+05     15s
   84094    5.2597756e+05   0.000000e+00   3.973447e+05     20s
   90317    5.2444676e+05   0.000000e+00   1.694501e+05     26s
   95331    5.2371570e+05   0.000000e+00   3.888358e+05     30s
  101280    5.2267027e+05   0.000000e+00   2.306013e+05     36s
  106954    5.2220110e+05   0.000000e+00   1.099582e+05     41s


Root relaxation: interrupted, 112350 iterations, 42.50 seconds

    Nodes    |    Current Node    |     Objective Bounds      |     Work
 Expl Unexpl |  Obj  Depth IntInf | Incumbent    BestBd   Gap | It/Node Time

     0     0          -    0      1.2150e+07    0.00000   100%     -   44s

Explored 0 nodes (112350 simplex iterations) in 44.74 seconds
Thread count was 4 (of 4 available processors)

Solution count 1: 1.21502e+07 

Solve interrupted
Best objective 1.215017330629e+07, best bound 0.000000000000e+00, gap 100.0000%

Gurobi 7.5.1 (mac64, Python) logging started Wed Aug 16 12:15:39 2017

Academic license - for non-commercial use only
Parameter Presolve unchanged
   Value: -1  Min: -1  Max: 2  Default: -1
Parameter OutputFlag unchanged
   Value: 1  Min: 0  Max: 1  Default: 1
Optimize a model with 16606 rows, 298126 columns and 881820 nonzeros
Variable types: 291870 continuous, 6256 integer (6256 binary)
Coefficient statistics:
  Matrix range     [5e-01, 1e+03]
  Objective range  [7e+00, 1e+05]
  Bounds range     [1e+00, 1e+00]
  RHS range        [1e+00, 1e+02]
Found heuristic solution: objective 7.78805e+06
Presolve removed 6210 rows and 6210 columns
Presolve time: 1.68s
Presolved: 10396 rows, 291916 columns, 869400 nonzeros
Variable types: 285660 continuous, 6256 integer (6256 binary)

Deterministic concurrent LP optimizer: primal and dual simplex
Showing first log only...

Presolve removed 2070 rows and 2070 columns
Presolved: 8326 rows, 289846 columns, 865260 nonzeros

Presolve removed 0 rows and 4186 columns
Concurrent spin time: 0.03s

Solved with dual simplex

Root relaxation: objective 4.408932e+05, 5020 iterations, 1.59 seconds

    Nodes    |    Current Node    |     Objective Bounds      |     Work
 Expl Unexpl |  Obj  Depth IntInf | Incumbent    BestBd   Gap | It/Node Time

     0     0 440893.249    0  378 7788047.11 440893.249  94.3%     -    3s
H    0     0                    4321410.5096 440893.249  89.8%     -    7s
     0     0 452751.193    0  460 4321410.51 452751.193  89.5%     -    9s
H    0     0                    2714077.8340 452751.193  83.3%     -   33s
     0     0 459474.967    0 2447 2714077.83 459474.967  83.1%     -   35s
     0     0 459571.249    0 2555 2714077.83 459571.249  83.1%     -   39s
     0     0 459575.772    0 2557 2714077.83 459575.772  83.1%     -   40s
     0     0 459576.251    0 2558 2714077.83 459576.251  83.1%     -   41s
     0     0 471924.075    0 2499 2714077.83 471924.075  82.6%     -   45s
     0     0 477789.094    0 2377 2714077.83 477789.094  82.4%     -   47s
     0     0 509458.797    0  714 2714077.83 509458.797  81.2%     -   54s
     0     0 517253.121    0  987 2714077.83 517253.121  80.9%     -   62s
     0     0 522248.161    0  957 2714077.83 522248.161  80.8%     -   68s
     0     0 523588.906    0  912 2714077.83 523588.906  80.7%     -   71s
     0     0 524583.050    0  911 2714077.83 524583.050  80.7%     -   74s
     0     0 524810.255    0  892 2714077.83 524810.255  80.7%     -   76s
     0     0 524855.184    0  895 2714077.83 524855.184  80.7%     -   78s
     0     0 524883.572    0  892 2714077.83 524883.572  80.7%     -   78s
     0     0 524910.126    0  894 2714077.83 524910.126  80.7%     -   79s
     0     0 524917.939    0  895 2714077.83 524917.939  80.7%     -   79s
     0     0 524919.252    0  896 2714077.83 524919.252  80.7%     -   79s
     0     0 534874.431    0  821 2714077.83 534874.431  80.3%     -   89s
H    0     0                    2181513.8587 534874.431  75.5%     -   90s
     0     0 543132.456    0  836 2181513.86 543132.456  75.1%     -   96s
     0     0 546636.473    0  891 2181513.86 546636.473  74.9%     -  101s
     0     0 550346.775    0  887 2181513.86 550346.775  74.8%     -  106s
     0     0 552524.127    0  877 2181513.86 552524.127  74.7%     -  111s
     0     0 553670.833    0  889 2181513.86 553670.833  74.6%     -  117s
     0     0 555031.420    0  907 2181513.86 555031.420  74.6%     -  121s
     0     0 555403.427    0  930 2181513.86 555403.427  74.5%     -  123s
     0     0 555619.648    0  925 2181513.86 555619.648  74.5%     -  126s
     0     0 555773.381    0  926 2181513.86 555773.381  74.5%     -  128s
     0     0 555803.490    0  936 2181513.86 555803.490  74.5%     -  129s
     0     0 563073.061    0  886 2181513.86 563073.061  74.2%     -  141s
H    0     0                    2172151.4562 563073.061  74.1%     -  142s
     0     0 567684.603    0  906 2172151.46 567684.603  73.9%     -  151s
     0     0 570752.590    0  863 2172151.46 570752.590  73.7%     -  158s
     0     0 572939.731    0  848 2172151.46 572939.731  73.6%     -  164s
     0     0 574153.085    0  900 2172151.46 574153.085  73.6%     -  169s
     0     0 576400.197    0  935 2172151.46 576400.197  73.5%     -  176s
     0     0 577339.395    0  939 2172151.46 577339.395  73.4%     -  180s
     0     0 579450.468    0  983 2172151.46 579450.468  73.3%     -  187s
     0     0 580374.075    0  996 2172151.46 580374.075  73.3%     -  192s
     0     0 581195.322    0 1023 2172151.46 581195.322  73.2%     -  197s
     0     0 581630.441    0 1049 2172151.46 581630.441  73.2%     -  201s
     0     0 581892.836    0 1040 2172151.46 581892.836  73.2%     -  205s
     0     0 582198.945    0 1059 2172151.46 582198.945  73.2%     -  210s
     0     0 582318.250    0 1045 2172151.46 582318.250  73.2%     -  213s
     0     0 582370.536    0 1047 2172151.46 582370.536  73.2%     -  215s
     0     0 587741.511    0  985 2172151.46 587741.511  72.9%     -  230s
H    0     0                    1995391.5262 587741.511  70.5%     -  231s
     0     0 591220.342    0  905 1995391.53 591220.342  70.4%     -  241s
     0     0 594524.896    0  888 1995391.53 594524.896  70.2%     -  250s
     0     0 596049.941    0  897 1995391.53 596049.941  70.1%     -  256s
     0     0 597634.688    0  922 1995391.53 597634.688  70.0%     -  264s
     0     0 598731.507    0  961 1995391.53 598731.507  70.0%     -  271s
     0     0 599547.554    0 1015 1995391.53 599547.554  70.0%     -  277s
     0     0 601036.245    0 1012 1995391.53 601036.245  69.9%     -  284s
     0     0 602392.098    0 1019 1995391.53 602392.098  69.8%     -  292s
     0     0 602951.451    0 1045 1995391.53 602951.451  69.8%     -  298s
     0     0 603581.941    0 1060 1995391.53 603581.941  69.8%     -  304s
     0     0 604006.025    0 1072 1995391.53 604006.025  69.7%     -  309s
     0     0 604419.683    0 1088 1995391.53 604419.683  69.7%     -  315s
     0     0 604700.428    0 1096 1995391.53 604700.428  69.7%     -  321s
     0     0 604940.340    0 1106 1995391.53 604940.340  69.7%     -  326s
     0     0 605190.993    0 1108 1995391.53 605190.993  69.7%     -  332s
     0     0 605368.020    0 1119 1995391.53 605368.020  69.7%     -  336s
     0     0 605459.960    0 1118 1995391.53 605459.960  69.7%     -  341s
     0     0 605530.043    0 1136 1995391.53 605530.043  69.7%     -  344s
     0     0 608874.791    0 1061 1995391.53 608874.791  69.5%     -  364s
H    0     0                    1059038.2589 608874.791  42.5%     - 1027s
     0     0 613564.128    0  993 1059038.26 613564.128  42.1%     - 1046s
     0     0 615573.868    0  965 1059038.26 615573.868  41.9%     - 1057s
     0     0 617149.359    0  971 1059038.26 617149.359  41.7%     - 1067s
     0     0 618316.473    0  990 1059038.26 618316.473  41.6%     - 1075s
     0     0 619333.381    0 1039 1059038.26 619333.381  41.5%     - 1083s
     0     0 620285.421    0 1071 1059038.26 620285.421  41.4%     - 1092s
     0     0 620836.853    0 1063 1059038.26 620836.853  41.4%     - 1100s
     0     0 621448.151    0 1091 1059038.26 621448.151  41.3%     - 1109s
     0     0 622036.678    0 1106 1059038.26 622036.678  41.3%     - 1130s
     0     0 622372.263    0 1109 1059038.26 622372.263  41.2%     - 1137s
     0     0 622723.219    0 1127 1059038.26 622723.219  41.2%     - 1144s
     0     0 623082.191    0 1132 1059038.26 623082.191  41.2%     - 1153s
     0     0 623466.668    0 1154 1059038.26 623466.668  41.1%     - 1162s
     0     0 624253.686    0 1115 1059038.26 624253.686  41.1%     - 1172s
     0     0 624711.222    0 1120 1059038.26 624711.222  41.0%     - 1186s
     0     0 624985.430    0 1168 1059038.26 624985.430  41.0%     - 1193s
     0     0 625233.498    0 1160 1059038.26 625233.498  41.0%     - 1200s
     0     0 625357.801    0 1160 1059038.26 625357.801  41.0%     - 1206s
     0     0 625703.527    0 1197 1059038.26 625703.527  40.9%     - 1214s
     0     0 625835.282    0 1193 1059038.26 625835.282  40.9%     - 1220s
     0     0 625930.482    0 1217 1059038.26 625930.482  40.9%     - 1225s
     0     0 629239.022    0 1130 1059038.26 629239.022  40.6%     - 1251s
H    0     0                    1057379.9859 629239.022  40.5%     - 1253s
     0     0 629646.592    0 1139 1057379.99 629646.592  40.5%     - 1261s
     0     0 629853.086    0 1158 1057379.99 629853.086  40.4%     - 1274s
     0     0 630022.018    0 1171 1057379.99 630022.018  40.4%     - 1290s
     0     0 630246.900    0 1163 1057379.99 630246.900  40.4%     - 1298s
     0     0 630316.934    0 1176 1057379.99 630316.934  40.4%     - 1303s
     0     0 633116.065    0 1119 1057379.99 633116.065  40.1%     - 1326s
     0     0 635448.087    0 1042 1057379.99 635448.087  39.9%     - 1346s
     0     0 636933.038    0 1023 1057379.99 636933.038  39.8%     - 1362s
     0     0 638058.169    0 1018 1057379.99 638058.169  39.7%     - 1375s
     0     0 639214.527    0 1127 1057379.99 639214.527  39.5%     - 1389s
     0     0 640178.273    0 1108 1057379.99 640178.273  39.5%     - 1400s
     0     0 640986.631    0 1104 1057379.99 640986.631  39.4%     - 1413s
     0     0 641806.133    0 1142 1057379.99 641806.133  39.3%     - 1426s
     0     0 642289.503    0 1143 1057379.99 642289.503  39.3%     - 1436s
     0     0 642613.861    0 1152 1057379.99 642613.861  39.2%     - 1444s
     0     0 642920.169    0 1152 1057379.99 642920.169  39.2%     - 1452s
     0     0 643445.206    0 1153 1057379.99 643445.206  39.1%     - 1463s
     0     0 643805.414    0 1159 1057379.99 643805.414  39.1%     - 1472s
     0     0 644161.359    0 1174 1057379.99 644161.359  39.1%     - 1484s
     0     0 644316.013    0 1181 1057379.99 644316.013  39.1%     - 1493s
     0     0 644498.057    0 1175 1057379.99 644498.057  39.0%     - 1501s
     0     0 644694.585    0 1193 1057379.99 644694.585  39.0%     - 1508s
     0     0 645130.827    0 1208 1057379.99 645130.827  39.0%     - 1519s
     0     0 645260.875    0 1196 1057379.99 645260.875  39.0%     - 1533s
     0     0 647937.975    0 1118 1057379.99 647937.975  38.7%     - 1567s
H    0     0                    1056520.4760 647937.975  38.7%     - 1569s
     0     0 650072.324    0 1057 1056520.48 650072.324  38.5%     - 1592s
     0     0 651696.394    0 1026 1056520.48 651696.394  38.3%     - 1616s
     0     0 652542.065    0 1109 1056520.48 652542.065  38.2%     - 1630s
     0     0 653345.069    0 1118 1056520.48 653345.069  38.2%     - 1643s
     0     0 653828.560    0 1127 1056520.48 653828.560  38.1%     - 1655s
     0     0 654534.931    0 1162 1056520.48 654534.931  38.0%     - 1669s
     0     0 654947.419    0 1181 1056520.48 654947.419  38.0%     - 1683s
     0     0 655283.585    0 1207 1056520.48 655283.585  38.0%     - 1696s
     0     0 655516.440    0 1206 1056520.48 655516.440  38.0%     - 1706s
     0     0 655747.474    0 1217 1056520.48 655747.474  37.9%     - 1725s
     0     0 656010.140    0 1222 1056520.48 656010.140  37.9%     - 1735s
     0     0 656358.948    0 1221 1056520.48 656358.948  37.9%     - 1748s
     0     0 656616.760    0 1244 1056520.48 656616.760  37.9%     - 1775s
     0     0 656938.350    0 1244 1056520.48 656938.350  37.8%     - 1787s
     0     0 657083.316    0 1236 1056520.48 657083.316  37.8%     - 1796s
     0     0 659538.315    0 1203 1056520.48 659538.315  37.6%     - 1829s
H    0     0                    1049993.9098 659538.315  37.2%     - 1833s
     0     0 660004.682    0 1189 1049993.91 660004.682  37.1%     - 1851s
     0     0 660347.338    0 1212 1049993.91 660347.338  37.1%     - 1862s
     0     0 660533.617    0 1227 1049993.91 660533.617  37.1%     - 1872s
     0     0 660787.572    0 1209 1049993.91 660787.572  37.1%     - 1886s
     0     0 660918.770    0 1224 1049993.91 660918.770  37.1%     - 1896s
     0     0 663350.457    0 1150 1049993.91 663350.457  36.8%     - 1933s
     0     0 664326.431    0 1104 1049993.91 664326.431  36.7%     - 1953s
     0     0 665700.218    0 1121 1049993.91 665700.218  36.6%     - 1978s
     0     0 666856.016    0 1150 1049993.91 666856.016  36.5%     - 1998s
     0     0 667595.060    0 1153 1049993.91 667595.060  36.4%     - 2016s
     0     0 668074.893    0 1187 1049993.91 668074.893  36.4%     - 2030s
     0     0 668380.787    0 1183 1049993.91 668380.787  36.3%     - 2042s
     0     0 668874.837    0 1195 1049993.91 668874.837  36.3%     - 2057s
     0     0 669138.223    0 1198 1049993.91 669138.223  36.3%     - 2068s
     0     0 669566.894    0 1202 1049993.91 669566.894  36.2%     - 2082s
     0     0 669870.283    0 1213 1049993.91 669870.283  36.2%     - 2096s
     0     0 669999.866    0 1218 1049993.91 669999.866  36.2%     - 2121s
     0     0 672144.065    0 1186 1049993.91 672144.065  36.0%     - 2152s
H    0     0                    1043742.5391 672144.065  35.6%     - 2158s
     0     0 673365.449    0 1125 1043742.54 673365.449  35.5%     - 2181s
     0     0 674307.491    0 1140 1043742.54 674307.491  35.4%     - 2203s
     0     0 675191.446    0 1161 1043742.54 675191.446  35.3%     - 2240s
     0     0 675801.561    0 1173 1043742.54 675801.561  35.3%     - 2259s
     0     0 676239.170    0 1199 1043742.54 676239.170  35.2%     - 2276s
     0     0 676640.934    0 1200 1043742.54 676640.934  35.2%     - 2292s
     0     0 676935.348    0 1214 1043742.54 676935.348  35.1%     - 2307s
     0     0 677241.278    0 1226 1043742.54 677241.278  35.1%     - 2323s
     0     0 677536.546    0 1247 1043742.54 677536.546  35.1%     - 2340s
     0     0 678073.505    0 1238 1043742.54 678073.505  35.0%     - 2358s
     0     0 678666.249    0 1241 1043742.54 678666.249  35.0%     - 2383s
     0     0 678825.974    0 1245 1043742.54 678825.974  35.0%     - 2396s
     0     0 680676.783    0 1195 1043742.54 680676.783  34.8%     - 2441s
     0     0 681090.777    0 1227 1043742.54 681090.777  34.7%     - 2465s
     0     0 681642.934    0 1239 1043742.54 681642.934  34.7%     - 2486s
     0     0 682035.400    0 1244 1043742.54 682035.400  34.7%     - 2503s
     0     0 682294.336    0 1237 1043742.54 682294.336  34.6%     - 2519s
     0     0 682462.819    0 1250 1043742.54 682462.819  34.6%     - 2532s
     0     0 683787.191    0 1236 1043742.54 683787.191  34.5%     - 2572s
H    0     0                    1043135.5818 683787.191  34.4%     - 2579s
     0     0 685598.731    0 1163 1043135.58 685598.731  34.3%     - 2612s
     0     0 686726.785    0 1193 1043135.58 686726.785  34.2%     - 2642s
     0     0 687227.458    0 1192 1043135.58 687227.458  34.1%     - 2662s
     0     0 687829.532    0 1214 1043135.58 687829.532  34.1%     - 2683s
     0     0 688150.260    0 1229 1043135.58 688150.260  34.0%     - 2700s
     0     0 688517.171    0 1232 1043135.58 688517.171  34.0%     - 2727s
     0     0 688741.328    0 1240 1043135.58 688741.328  34.0%     - 2742s
     0     0 690054.532    0 1188 1043135.58 690054.532  33.8%     - 2782s
     0     0 691664.724    0 1151 1043135.58 691664.724  33.7%     - 2827s
     0     0 692355.397    0 1199 1043135.58 692355.397  33.6%     - 2858s
     0     0 692913.782    0 1205 1043135.58 692913.782  33.6%     - 2890s
     0     0 693558.851    0 1204 1043135.58 693558.851  33.5%     - 2912s
     0     0 693897.990    0 1237 1043135.58 693897.990  33.5%     - 2933s
     0     0 694298.917    0 1267 1043135.58 694298.917  33.4%     - 2959s
     0     0 694535.424    0 1248 1043135.58 694535.424  33.4%     - 2976s
     0     0 694819.154    0 1288 1043135.58 694819.154  33.4%     - 2995s
     0     0 695262.397    0 1278 1043135.58 695262.397  33.3%     - 3016s
     0     0 695464.058    0 1290 1043135.58 695464.058  33.3%     - 3042s
     0     0 696442.775    0 1257 1043135.58 696442.775  33.2%     - 3084s
H    0     0                    1040829.5407 696442.775  33.1%     - 3092s
     0     0 696649.553    0 1297 1040829.54 696649.553  33.1%     - 3111s
     0     0 697493.744    0 1250 1040829.54 697493.744  33.0%     - 3149s
     0     0 697493.744    0 1183 1040829.54 697493.744  33.0%     - 3165s
H    0     0                    1037524.4994 697493.744  32.8%     - 3175s
     0     2 697493.744    0 1182 1037524.50 697493.744  32.8%     - 3189s
     1     4 697504.840    1 1183 1037524.50 697504.840  32.8%   738 3278s
     3     6 698961.162    2 1186 1037524.50 698961.162  32.6%  8853 3542s
     5     8 699111.135    3 1192 1037524.50 699111.135  32.6%  7602 3547s
     7     8 699181.603    4 1184 1037524.50 699181.603  32.6%  5481 3562s
     9    10 699191.972    5 1179 1037524.50 699191.972  32.6%  4339 3573s
    11    12 699198.604    6 1185 1037524.50 699198.604  32.6%  3603 3598s
    15    16 699261.237    8 1183 1037524.50 699261.237  32.6%  2751 3607s
    19    20 699296.687   10 1181 1037524.50 699296.687  32.6%  2211 3619s
    21    22 699340.369   11 1177 1037524.50 699340.369  32.6%  2048 3636s
    24    25 699340.996   12 1180 1037524.50 699340.996  32.6%  1824 3649s
    29    30 699366.466   14 1183 1037524.50 699356.909  32.6%  1554 3660s
    32    33 699387.502   16 1176 1037524.50 699356.909  32.6%  1455 3674s
    34    35 699388.964   17 1175 1037524.50 699356.909  32.6%  1383 3684s
    39    40 699411.680   20 1172 1037524.50 699356.909  32.6%  1231 3698s
    44    45 699445.296   22 1171 1037524.50 699356.909  32.6%  1137 3724s
    46    47 699449.605   23 1173 1037524.50 699356.909  32.6%  1113 3740s
    51    52 699522.748   25 1167 1037524.50 699356.909  32.6%  1038 3754s
    54    53 699537.244   27 1176 1037524.50 699356.909  32.6%  1002 3757s

Cutting planes:
  Cover: 113
  MIR: 815
  Flow cover: 229
  Flow path: 1378
  Network: 1

Explored 56 nodes (316476 simplex iterations) in 3757.79 seconds
Thread count was 4 (of 4 available processors)

Solution count 10: 1.03752e+06 1.04083e+06 1.04314e+06 ... 2.17215e+06

Solve interrupted
Best objective 1.037524499405e+06, best bound 6.993569085601e+05, gap 32.5937%

Gurobi 7.5.1 (mac64, Python) logging started Wed Aug 16 13:19:14 2017

Academic license - for non-commercial use only
Parameter Presolve unchanged
   Value: -1  Min: -1  Max: 2  Default: -1
Parameter OutputFlag unchanged
   Value: 1  Min: 0  Max: 1  Default: 1
Changed value of parameter MIPFocus to 1
   Prev: 0  Min: 0  Max: 3  Default: 0
Optimize a model with 16606 rows, 298126 columns and 881820 nonzeros
Variable types: 291870 continuous, 6256 integer (6256 binary)
Coefficient statistics:
  Matrix range     [5e-01, 1e+03]
  Objective range  [7e+00, 1e+05]
  Bounds range     [1e+00, 1e+00]
  RHS range        [1e+00, 1e+02]
Found heuristic solution: objective 7.78805e+06
Presolve removed 6210 rows and 6210 columns
Presolve time: 1.61s
Presolved: 10396 rows, 291916 columns, 869400 nonzeros
Variable types: 285660 continuous, 6256 integer (6256 binary)

Deterministic concurrent LP optimizer: primal and dual simplex
Showing first log only...

Presolve removed 2070 rows and 2070 columns
Presolved: 8326 rows, 289846 columns, 865260 nonzeros

Presolve removed 0 rows and 4186 columns
Concurrent spin time: 0.02s

Solved with dual simplex

Root relaxation: objective 4.408932e+05, 5020 iterations, 1.46 seconds

    Nodes    |    Current Node    |     Objective Bounds      |     Work
 Expl Unexpl |  Obj  Depth IntInf | Incumbent    BestBd   Gap | It/Node Time

     0     0 440893.249    0  378 7788047.11 440893.249  94.3%     -    3s
H    0     0                    3671679.8085 440893.249  88.0%     -   10s
H    0     0                    3403767.6178 440893.249  87.0%     -   19s
     0     0 452751.193    0  460 3403767.62 452751.193  86.7%     -   21s
H    0     0                    2771318.5881 452751.193  83.7%     -   40s
     0     0 459480.336    0 2472 2771318.59 459480.336  83.4%     -   42s
     0     0 459571.249    0 2555 2771318.59 459571.249  83.4%     -   46s
     0     0 459575.772    0 2557 2771318.59 459575.772  83.4%     -   46s
     0     0 459576.251    0 2558 2771318.59 459576.251  83.4%     -   47s
     0     0 472952.139    0 2447 2771318.59 472952.139  82.9%     -   51s
H    0     0                    1728084.3382 472952.139  72.6%     -  100s
     0     0 478406.208    0 2350 1728084.34 478406.208  72.3%     -  101s
     0     0 511665.045    0  703 1728084.34 511665.045  70.4%     -  108s
     0     0 517584.761    0  954 1728084.34 517584.761  70.0%     -  113s
     0     0 521303.027    0  934 1728084.34 521303.027  69.8%     -  119s
     0     0 522931.164    0  956 1728084.34 522931.164  69.7%     -  123s
     0     0 523832.095    0  989 1728084.34 523832.095  69.7%     -  126s
     0     0 524179.888    0  966 1728084.34 524179.888  69.7%     -  128s
     0     0 524268.719    0  954 1728084.34 524268.719  69.7%     -  130s
     0     0 524439.298    0  898 1728084.34 524439.298  69.7%     -  132s
     0     0 524452.432    0  888 1728084.34 524452.432  69.7%     -  133s
     0     0 524473.209    0  864 1728084.34 524473.209  69.7%     -  134s
     0     0 524490.648    0  876 1728084.34 524490.648  69.6%     -  135s
     0     0 524491.854    0  877 1728084.34 524491.854  69.6%     -  136s
     0     0 535055.767    0  826 1728084.34 535055.767  69.0%     -  146s
H    0     0                    1588059.1297 535055.767  66.3%     -  148s
     0     0 543713.126    0  896 1588059.13 543713.126  65.8%     -  154s
     0     0 547235.597    0  897 1588059.13 547235.597  65.5%     -  159s
     0     0 550868.144    0  895 1588059.13 550868.144  65.3%     -  163s
     0     0 552467.953    0  930 1588059.13 552467.953  65.2%     -  167s
     0     0 553956.700    0  911 1588059.13 553956.700  65.1%     -  172s
     0     0 554893.281    0  964 1588059.13 554893.281  65.1%     -  175s
     0     0 555347.734    0  933 1588059.13 555347.734  65.0%     -  178s
     0     0 555595.984    0  955 1588059.13 555595.984  65.0%     -  180s
     0     0 555731.232    0  949 1588059.13 555731.232  65.0%     -  182s
     0     0 555842.653    0  952 1588059.13 555842.653  65.0%     -  184s
     0     0 555867.833    0  959 1588059.13 555867.833  65.0%     -  184s
     0     0 555892.535    0  958 1588059.13 555892.535  65.0%     -  185s
     0     0 555893.494    0  959 1588059.13 555893.494  65.0%     -  185s
     0     0 563301.998    0  932 1588059.13 563301.998  64.5%     -  199s
H    0     0                    1369446.0833 563301.998  58.9%     -  409s
H    0     0                    1357840.9210 563301.998  58.5%     -  409s
     0     0 567004.212    0  910 1357840.92 567004.212  58.2%     -  417s
     0     0 569715.691    0  835 1357840.92 569715.691  58.0%     -  423s
     0     0 572291.350    0  814 1357840.92 572291.350  57.9%     -  428s
     0     0 573587.559    0  925 1357840.92 573587.559  57.8%     -  432s
     0     0 575325.960    0  932 1357840.92 575325.960  57.6%     -  437s
     0     0 577566.729    0  969 1357840.92 577566.729  57.5%     -  443s
     0     0 578798.869    0  990 1357840.92 578798.869  57.4%     -  448s
     0     0 580350.037    0  998 1357840.92 580350.037  57.3%     -  455s
     0     0 580745.407    0 1046 1357840.92 580745.407  57.2%     -  459s
     0     0 581139.755    0 1045 1357840.92 581139.755  57.2%     -  462s
     0     0 581407.768    0 1053 1357840.92 581407.768  57.2%     -  466s
     0     0 581603.373    0 1046 1357840.92 581603.373  57.2%     -  469s
     0     0 581682.829    0 1084 1357840.92 581682.829  57.2%     -  472s
     0     0 581704.927    0 1095 1357840.92 581704.927  57.2%     -  473s
     0     0 581719.214    0 1101 1357840.92 581719.214  57.2%     -  474s
     0     0 581721.458    0 1098 1357840.92 581721.458  57.2%     -  475s
     0     0 586590.999    0  982 1357840.92 586590.999  56.8%     -  495s
H    0     0                    1355367.5185 586590.999  56.7%     -  496s
H    0     0                    1226202.7822 586590.999  52.2%     - 2473s

Cutting planes:
  Cover: 83
  Implied bound: 2
  MIR: 659
  Flow cover: 298
  Flow path: 421
  Network: 4

Explored 1 nodes (39944 simplex iterations) in 2473.18 seconds
Thread count was 4 (of 4 available processors)

Solution count 10: 1.2262e+06 1.35537e+06 1.35784e+06 ... 7.78805e+06

Solve interrupted
Best objective 1.226202782156e+06, best bound 5.865909988270e+05, gap 52.1620%

Gurobi 7.5.1 (mac64, Python) logging started Wed Aug 16 23:28:08 2017

Academic license - for non-commercial use only
Optimize a model with 16606 rows, 298126 columns and 881820 nonzeros
Variable types: 291870 continuous, 6256 integer (6256 binary)
Coefficient statistics:
  Matrix range     [5e-01, 1e+03]
  Objective range  [7e+00, 1e+05]
  Bounds range     [1e+00, 1e+00]
  RHS range        [1e+00, 1e+02]
Found heuristic solution: objective 7.78805e+06
Presolve removed 6210 rows and 6210 columns
Presolve time: 1.90s
Presolved: 10396 rows, 291916 columns, 869400 nonzeros
Variable types: 285660 continuous, 6256 integer (6256 binary)

Deterministic concurrent LP optimizer: primal and dual simplex
Showing first log only...

Presolve removed 2070 rows and 2070 columns
Presolved: 8326 rows, 289846 columns, 865260 nonzeros

Presolve removed 0 rows and 4186 columns
Concurrent spin time: 0.04s

Solved with dual simplex

Root relaxation: objective 4.408932e+05, 5020 iterations, 1.70 seconds

    Nodes    |    Current Node    |     Objective Bounds      |     Work
 Expl Unexpl |  Obj  Depth IntInf | Incumbent    BestBd   Gap | It/Node Time

     0     0 440893.249    0  378 7788047.11 440893.249  94.3%     -    4s
H    0     0                    4321410.5096 440893.249  89.8%     -    8s
     0     0 452751.193    0  460 4321410.51 452751.193  89.5%     -   10s
H    0     0                    2714077.8340 452751.193  83.3%     -   34s
     0     0 459474.967    0 2447 2714077.83 459474.967  83.1%     -   37s
     0     0 459571.249    0 2555 2714077.83 459571.249  83.1%     -   41s
     0     0 459575.772    0 2557 2714077.83 459575.772  83.1%     -   41s
     0     0 459576.251    0 2558 2714077.83 459576.251  83.1%     -   43s
     0     0 471924.075    0 2499 2714077.83 471924.075  82.6%     -   47s
     0     0 477789.094    0 2377 2714077.83 477789.094  82.4%     -   49s
     0     0 509458.797    0  714 2714077.83 509458.797  81.2%     -   56s
     0     0 517253.121    0  987 2714077.83 517253.121  80.9%     -   65s
     0     0 522248.161    0  957 2714077.83 522248.161  80.8%     -   71s
     0     0 523588.906    0  912 2714077.83 523588.906  80.7%     -   74s
     0     0 524583.050    0  911 2714077.83 524583.050  80.7%     -   76s
     0     0 524810.255    0  892 2714077.83 524810.255  80.7%     -   79s
     0     0 524855.184    0  895 2714077.83 524855.184  80.7%     -   80s
     0     0 524883.572    0  892 2714077.83 524883.572  80.7%     -   81s
     0     0 524910.126    0  894 2714077.83 524910.126  80.7%     -   81s
     0     0 524917.939    0  895 2714077.83 524917.939  80.7%     -   82s
     0     0 524919.252    0  896 2714077.83 524919.252  80.7%     -   82s
     0     0 534874.431    0  821 2714077.83 534874.431  80.3%     -   91s
H    0     0                    2181513.8587 534874.431  75.5%     -   92s
     0     0 543132.456    0  836 2181513.86 543132.456  75.1%     -   98s
     0     0 546636.473    0  891 2181513.86 546636.473  74.9%     -  104s
     0     0 550346.775    0  887 2181513.86 550346.775  74.8%     -  108s
     0     0 552524.127    0  877 2181513.86 552524.127  74.7%     -  112s
     0     0 553670.833    0  889 2181513.86 553670.833  74.6%     -  118s
     0     0 555031.420    0  907 2181513.86 555031.420  74.6%     -  122s
     0     0 555403.427    0  930 2181513.86 555403.427  74.5%     -  125s
     0     0 555619.648    0  925 2181513.86 555619.648  74.5%     -  127s
     0     0 555773.381    0  926 2181513.86 555773.381  74.5%     -  129s
     0     0 555803.490    0  936 2181513.86 555803.490  74.5%     -  130s
     0     0 563073.061    0  886 2181513.86 563073.061  74.2%     -  143s
H    0     0                    2172151.4562 563073.061  74.1%     -  143s
     0     0 567684.603    0  906 2172151.46 567684.603  73.9%     -  152s
     0     0 570752.590    0  863 2172151.46 570752.590  73.7%     -  159s
     0     0 572939.731    0  848 2172151.46 572939.731  73.6%     -  165s
     0     0 574153.085    0  900 2172151.46 574153.085  73.6%     -  170s
     0     0 576400.197    0  935 2172151.46 576400.197  73.5%     -  177s
     0     0 577339.395    0  939 2172151.46 577339.395  73.4%     -  181s
     0     0 579450.468    0  983 2172151.46 579450.468  73.3%     -  188s
     0     0 580374.075    0  996 2172151.46 580374.075  73.3%     -  192s
     0     0 581195.322    0 1023 2172151.46 581195.322  73.2%     -  197s
     0     0 581630.441    0 1049 2172151.46 581630.441  73.2%     -  201s
     0     0 581892.836    0 1040 2172151.46 581892.836  73.2%     -  205s
     0     0 582198.945    0 1059 2172151.46 582198.945  73.2%     -  210s
     0     0 582318.250    0 1045 2172151.46 582318.250  73.2%     -  213s
     0     0 582370.536    0 1047 2172151.46 582370.536  73.2%     -  215s
     0     0 587741.511    0  985 2172151.46 587741.511  72.9%     -  230s
H    0     0                    1995391.5262 587741.511  70.5%     -  231s
     0     0 591220.342    0  905 1995391.53 591220.342  70.4%     -  241s
     0     0 594524.896    0  888 1995391.53 594524.896  70.2%     -  250s
     0     0 596049.941    0  897 1995391.53 596049.941  70.1%     -  256s
     0     0 597634.688    0  922 1995391.53 597634.688  70.0%     -  264s
     0     0 598731.507    0  961 1995391.53 598731.507  70.0%     -  271s
     0     0 599547.554    0 1015 1995391.53 599547.554  70.0%     -  277s
     0     0 601036.245    0 1012 1995391.53 601036.245  69.9%     -  284s
     0     0 602392.098    0 1019 1995391.53 602392.098  69.8%     -  292s
     0     0 602951.451    0 1045 1995391.53 602951.451  69.8%     -  298s
     0     0 603581.941    0 1060 1995391.53 603581.941  69.8%     -  304s
     0     0 604006.025    0 1072 1995391.53 604006.025  69.7%     -  310s
     0     0 604419.683    0 1088 1995391.53 604419.683  69.7%     -  316s
     0     0 604700.428    0 1096 1995391.53 604700.428  69.7%     -  321s
     0     0 604940.340    0 1106 1995391.53 604940.340  69.7%     -  326s
     0     0 605190.993    0 1108 1995391.53 605190.993  69.7%     -  332s
     0     0 605368.020    0 1119 1995391.53 605368.020  69.7%     -  336s
     0     0 605459.960    0 1118 1995391.53 605459.960  69.7%     -  341s
     0     0 605530.043    0 1136 1995391.53 605530.043  69.7%     -  344s
     0     0 608874.791    0 1061 1995391.53 608874.791  69.5%     -  364s
H    0     0                    1059038.2589 608874.791  42.5%     - 1031s
     0     0 613564.128    0  993 1059038.26 613564.128  42.1%     - 1051s
     0     0 615573.868    0  965 1059038.26 615573.868  41.9%     - 1063s
     0     0 617149.359    0  971 1059038.26 617149.359  41.7%     - 1073s
     0     0 618316.473    0  990 1059038.26 618316.473  41.6%     - 1081s
     0     0 619333.381    0 1039 1059038.26 619333.381  41.5%     - 1089s
     0     0 620285.421    0 1071 1059038.26 620285.421  41.4%     - 1098s
     0     0 620836.853    0 1063 1059038.26 620836.853  41.4%     - 1106s
     0     0 621448.151    0 1091 1059038.26 621448.151  41.3%     - 1115s
     0     0 622036.678    0 1106 1059038.26 622036.678  41.3%     - 1137s
     0     0 622372.263    0 1109 1059038.26 622372.263  41.2%     - 1143s
     0     0 622723.219    0 1127 1059038.26 622723.219  41.2%     - 1152s
     0     0 623082.191    0 1132 1059038.26 623082.191  41.2%     - 1160s
     0     0 623466.668    0 1154 1059038.26 623466.668  41.1%     - 1169s
     0     0 624253.686    0 1115 1059038.26 624253.686  41.1%     - 1179s
     0     0 624711.222    0 1120 1059038.26 624711.222  41.0%     - 1193s
     0     0 624985.430    0 1168 1059038.26 624985.430  41.0%     - 1200s
     0     0 625233.498    0 1160 1059038.26 625233.498  41.0%     - 1207s
     0     0 625357.801    0 1160 1059038.26 625357.801  41.0%     - 1213s
     0     0 625703.527    0 1197 1059038.26 625703.527  40.9%     - 1220s
     0     0 625835.282    0 1193 1059038.26 625835.282  40.9%     - 1226s
     0     0 625930.482    0 1217 1059038.26 625930.482  40.9%     - 1231s
     0     0 629239.022    0 1130 1059038.26 629239.022  40.6%     - 1259s
H    0     0                    1057379.9859 629239.022  40.5%     - 1261s
     0     0 629646.592    0 1139 1057379.99 629646.592  40.5%     - 1269s
     0     0 629853.086    0 1158 1057379.99 629853.086  40.4%     - 1283s
     0     0 630022.018    0 1171 1057379.99 630022.018  40.4%     - 1299s
     0     0 630246.900    0 1163 1057379.99 630246.900  40.4%     - 1307s
     0     0 630316.934    0 1176 1057379.99 630316.934  40.4%     - 1313s
     0     0 633116.065    0 1119 1057379.99 633116.065  40.1%     - 1336s
     0     0 635448.087    0 1042 1057379.99 635448.087  39.9%     - 1358s
     0     0 636933.038    0 1023 1057379.99 636933.038  39.8%     - 1374s
     0     0 638058.169    0 1018 1057379.99 638058.169  39.7%     - 1387s
     0     0 639214.527    0 1127 1057379.99 639214.527  39.5%     - 1402s
     0     0 640178.273    0 1108 1057379.99 640178.273  39.5%     - 1414s
     0     0 640986.631    0 1104 1057379.99 640986.631  39.4%     - 1426s
     0     0 641806.133    0 1142 1057379.99 641806.133  39.3%     - 1440s
     0     0 642289.503    0 1143 1057379.99 642289.503  39.3%     - 1450s
     0     0 642613.861    0 1152 1057379.99 642613.861  39.2%     - 1458s
     0     0 642920.169    0 1152 1057379.99 642920.169  39.2%     - 1466s
     0     0 643445.206    0 1153 1057379.99 643445.206  39.1%     - 1478s
     0     0 643805.414    0 1159 1057379.99 643805.414  39.1%     - 1487s
     0     0 644161.359    0 1174 1057379.99 644161.359  39.1%     - 1499s
     0     0 644316.013    0 1181 1057379.99 644316.013  39.1%     - 1509s
     0     0 644498.057    0 1175 1057379.99 644498.057  39.0%     - 1516s
     0     0 644694.585    0 1193 1057379.99 644694.585  39.0%     - 1524s
     0     0 645130.827    0 1208 1057379.99 645130.827  39.0%     - 1536s
     0     0 645260.875    0 1196 1057379.99 645260.875  39.0%     - 1550s
     0     0 647937.975    0 1118 1057379.99 647937.975  38.7%     - 1585s
H    0     0                    1056520.4760 647937.975  38.7%     - 1587s
     0     0 650072.324    0 1057 1056520.48 650072.324  38.5%     - 1611s
     0     0 651696.394    0 1026 1056520.48 651696.394  38.3%     - 1637s
     0     0 652542.065    0 1109 1056520.48 652542.065  38.2%     - 1651s
     0     0 653345.069    0 1118 1056520.48 653345.069  38.2%     - 1665s
     0     0 653828.560    0 1127 1056520.48 653828.560  38.1%     - 1678s
     0     0 654534.931    0 1162 1056520.48 654534.931  38.0%     - 1693s
     0     0 654947.419    0 1181 1056520.48 654947.419  38.0%     - 1707s
     0     0 655283.585    0 1207 1056520.48 655283.585  38.0%     - 1721s
     0     0 655516.440    0 1206 1056520.48 655516.440  38.0%     - 1731s
     0     0 655747.474    0 1217 1056520.48 655747.474  37.9%     - 1752s
     0     0 656010.140    0 1222 1056520.48 656010.140  37.9%     - 1762s
     0     0 656358.948    0 1221 1056520.48 656358.948  37.9%     - 1775s
     0     0 656616.760    0 1244 1056520.48 656616.760  37.9%     - 1803s
     0     0 656938.350    0 1244 1056520.48 656938.350  37.8%     - 1817s
     0     0 657083.316    0 1236 1056520.48 657083.316  37.8%     - 1826s
     0     0 659538.315    0 1203 1056520.48 659538.315  37.6%     - 36138s
H    0     0                    1049993.9098 659538.315  37.2%     - 36142s
     0     0 660004.682    0 1189 1049993.91 660004.682  37.1%     - 36159s
     0     0 660347.338    0 1212 1049993.91 660347.338  37.1%     - 36170s
     0     0 660533.617    0 1227 1049993.91 660533.617  37.1%     - 36179s
     0     0 660787.572    0 1209 1049993.91 660787.572  37.1%     - 36193s
     0     0 660918.770    0 1224 1049993.91 660918.770  37.1%     - 36203s
     0     0 663350.457    0 1150 1049993.91 663350.457  36.8%     - 36249s
     0     0 664326.431    0 1104 1049993.91 664326.431  36.7%     - 36271s
     0     0 665700.218    0 1121 1049993.91 665700.218  36.6%     - 36300s
     0     0 666856.016    0 1150 1049993.91 666856.016  36.5%     - 36322s
     0     0 667595.060    0 1153 1049993.91 667595.060  36.4%     - 36344s
     0     0 668074.893    0 1187 1049993.91 668074.893  36.4%     - 36360s
     0     0 668380.787    0 1183 1049993.91 668380.787  36.3%     - 36373s
     0     0 668874.837    0 1195 1049993.91 668874.837  36.3%     - 36390s
     0     0 669138.223    0 1198 1049993.91 669138.223  36.3%     - 36402s
     0     0 669566.894    0 1202 1049993.91 669566.894  36.2%     - 36417s
     0     0 669870.283    0 1213 1049993.91 669870.283  36.2%     - 36432s
     0     0 669999.866    0 1218 1049993.91 669999.866  36.2%     - 36467s
     0     0 672144.065    0 1186 1049993.91 672144.065  36.0%     - 36500s
H    0     0                    1043742.5391 672144.065  35.6%     - 36506s
     0     0 673365.449    0 1125 1043742.54 673365.449  35.5%     - 36532s
     0     0 674307.491    0 1140 1043742.54 674307.491  35.4%     - 36555s
     0     0 675191.446    0 1161 1043742.54 675191.446  35.3%     - 36594s
     0     0 675801.561    0 1173 1043742.54 675801.561  35.3%     - 36614s
     0     0 676239.170    0 1199 1043742.54 676239.170  35.2%     - 36632s
     0     0 676640.934    0 1200 1043742.54 676640.934  35.2%     - 36648s
     0     0 676935.348    0 1214 1043742.54 676935.348  35.1%     - 36664s
     0     0 677241.278    0 1226 1043742.54 677241.278  35.1%     - 36683s
     0     0 677536.546    0 1247 1043742.54 677536.546  35.1%     - 36700s
     0     0 678073.505    0 1238 1043742.54 678073.505  35.0%     - 36719s
     0     0 678666.249    0 1241 1043742.54 678666.249  35.0%     - 36747s
     0     0 678825.974    0 1245 1043742.54 678825.974  35.0%     - 36760s
     0     0 680676.783    0 1195 1043742.54 680676.783  34.8%     - 36803s
     0     0 681090.777    0 1227 1043742.54 681090.777  34.7%     - 36825s
     0     0 681642.934    0 1239 1043742.54 681642.934  34.7%     - 36845s
     0     0 682035.400    0 1244 1043742.54 682035.400  34.7%     - 36862s
     0     0 682294.336    0 1237 1043742.54 682294.336  34.6%     - 36877s
     0     0 682462.819    0 1250 1043742.54 682462.819  34.6%     - 36889s
     0     0 683787.191    0 1236 1043742.54 683787.191  34.5%     - 36924s
H    0     0                    1043135.5818 683787.191  34.4%     - 36930s
     0     0 685598.731    0 1163 1043135.58 685598.731  34.3%     - 36962s
     0     0 686726.785    0 1193 1043135.58 686726.785  34.2%     - 36991s
     0     0 687227.458    0 1192 1043135.58 687227.458  34.1%     - 37010s
     0     0 687829.532    0 1214 1043135.58 687829.532  34.1%     - 37034s
     0     0 688150.260    0 1229 1043135.58 688150.260  34.0%     - 37051s
     0     0 688517.171    0 1232 1043135.58 688517.171  34.0%     - 37078s
     0     0 688741.328    0 1240 1043135.58 688741.328  34.0%     - 37092s
     0     0 690054.532    0 1188 1043135.58 690054.532  33.8%     - 37132s
     0     0 691664.724    0 1151 1043135.58 691664.724  33.7%     - 37165s
     0     0 692355.397    0 1199 1043135.58 692355.397  33.6%     - 37188s
     0     0 692913.782    0 1205 1043135.58 692913.782  33.6%     - 37217s
     0     0 693558.851    0 1204 1043135.58 693558.851  33.5%     - 37238s
     0     0 693897.990    0 1237 1043135.58 693897.990  33.5%     - 37256s
     0     0 694298.917    0 1267 1043135.58 694298.917  33.4%     - 37278s
     0     0 694535.424    0 1248 1043135.58 694535.424  33.4%     - 37294s
     0     0 694819.154    0 1288 1043135.58 694819.154  33.4%     - 37311s
     0     0 695262.397    0 1278 1043135.58 695262.397  33.3%     - 37331s
     0     0 695464.058    0 1290 1043135.58 695464.058  33.3%     - 37356s
     0     0 696442.775    0 1257 1043135.58 696442.775  33.2%     - 37395s
H    0     0                    1040829.5407 696442.775  33.1%     - 37403s
     0     0 696649.553    0 1297 1040829.54 696649.553  33.1%     - 37423s
     0     0 697493.744    0 1250 1040829.54 697493.744  33.0%     - 37459s
     0     0 697493.744    0 1183 1040829.54 697493.744  33.0%     - 37474s
H    0     0                    1037524.4994 697493.744  32.8%     - 37483s
     0     2 697493.744    0 1182 1037524.50 697493.744  32.8%     - 37495s
     1     4 697504.840    1 1183 1037524.50 697504.840  32.8%   738 37575s
     3     6 698961.162    2 1186 1037524.50 698961.162  32.6%  8853 37824s
     5     8 699111.135    3 1192 1037524.50 699111.135  32.6%  7602 37829s
     7     8 699181.603    4 1184 1037524.50 699181.603  32.6%  5481 37844s
     9    10 699191.972    5 1179 1037524.50 699191.972  32.6%  4339 37854s
    11    12 699198.604    6 1185 1037524.50 699198.604  32.6%  3603 37879s
    15    16 699261.237    8 1183 1037524.50 699261.237  32.6%  2751 37888s
    19    20 699296.687   10 1181 1037524.50 699296.687  32.6%  2211 37900s
    21    22 699340.369   11 1177 1037524.50 699340.369  32.6%  2048 37917s
    24    25 699340.996   12 1180 1037524.50 699340.996  32.6%  1824 37930s
    29    30 699366.466   14 1183 1037524.50 699356.909  32.6%  1554 37940s
    32    33 699387.502   16 1176 1037524.50 699356.909  32.6%  1455 37954s
    34    35 699388.964   17 1175 1037524.50 699356.909  32.6%  1383 37964s
    39    40 699411.680   20 1172 1037524.50 699356.909  32.6%  1231 37977s
    44    45 699445.296   22 1171 1037524.50 699356.909  32.6%  1137 38002s
    46    47 699449.605   23 1173 1037524.50 699356.909  32.6%  1113 38018s
    51    52 699522.748   25 1167 1037524.50 699356.909  32.6%  1038 38031s
    54    55 699537.244   27 1176 1037524.50 699356.909  32.6%  1002 38048s
    60    61 699546.419   31 1170 1037524.50 699356.909  32.6%   919 38064s
    68    69 699561.419   34 1168 1037524.50 699356.909  32.6%   826 38093s
    73    74 699672.798   38 1162 1037524.50 699356.909  32.6%   800 38129s
    78    79 699814.148   40 1165 1037524.50 699356.909  32.6%   783 38151s
    80    81 699816.141   41 1163 1037524.50 699356.909  32.6%   774 38177s
    86    87 699874.498   46 1152 1037524.50 699356.909  32.6%   743 38193s
    90    91 699889.018   48 1157 1037524.50 699356.909  32.6%   724 38213s
    95    97 731630.268   49 1151 1037524.50 699356.909  32.6%   799 38424s
    98    98 699906.051   50 1149 1037524.50 699356.909  32.6%   783 38448s
   106   107 700592.714   55 1156 1037524.50 699356.909  32.6%   807 38636s
   110   113 700563.865   55 1141 1037524.50 699356.909  32.6%   849 38725s
   112   111 700566.138   56 1142 1037524.50 699356.909  32.6%   866 38760s
   118   119 700659.371   60 1132 1037524.50 699356.909  32.6%   842 38804s
   124   125 700835.884   63 1130 1037524.50 699356.909  32.6%   823 38847s
   136   139 726047.664   68 1127 1037524.50 699356.909  32.6%   805 38985s
   138   137 701016.080   69 1134 1037524.50 699356.909  32.6%   840 39020s
   143   144 701046.541   71 1130 1037524.50 699356.909  32.6%   825 39062s
   153   154 701170.677   76 1120 1037524.50 699356.909  32.6%   790 39130s
   159   162 733072.530   79 1113 1037524.50 699356.909  32.6%   856 39538s
   161   160 701529.469   80 1118 1037524.50 699356.909  32.6%   948 39579s
   175   176 701705.233   89 1120 1037524.50 699356.909  32.6%   892 39632s
   186   187 701828.668   92 1117 1037524.50 699356.909  32.6%   857 39683s
   192   195 701862.970   95 1115 1037524.50 699356.909  32.6%   849 39959s
   196   195 702229.954   97 1112 1037524.50 699356.909  32.6%   938 40017s
   205   206 702340.276  103 1105 1037524.50 699356.909  32.6%   915 40069s
   217   218 702539.304  110 1095 1037524.50 699356.909  32.6%   881 40140s
   230   231 702731.536  119 1090 1037524.50 699356.909  32.6%   858 40204s
   235   236 702742.607  121 1088 1037524.50 699356.909  32.6%   852 40327s
   245   248 713374.669  128 1087 1037524.50 699356.909  32.6%   869 40591s
   247   246 703380.925  129 1102 1037524.50 699356.909  32.6%   913 40675s
   255   256 703585.428  135 1093 1037524.50 699356.909  32.6%   903 40773s
   263   265 703820.423  139 1092 1037524.50 699356.909  32.6%   902 40972s
   275   276 703959.661  145 1082 1037524.50 699356.909  32.6%   904 41082s
   288   288 704849.019  151 1092 1037524.50 699356.909  32.6%   890 41160s
   299   300 705370.250  155 1080 1037524.50 699356.909  32.6%   879 41246s
   308   310 734428.495  156 1076 1037524.50 699356.909  32.6%   882 41356s
   316   316 705884.506  157 1089 1037524.50 699356.909  32.6%   876 41466s
   323   325 707809.258  159 1077 1037524.50 699356.909  32.6%   879 41639s
   351   351 708106.867  176 1059 1037524.50 699356.909  32.6%   840 41735s
   379   381 708764.038  190 1067 1037524.50 699356.909  32.6%   798 42001s
   392   392 708909.028  194 1062 1037524.50 699356.909  32.6%   811 42121s
   415   417 709110.846  208 1059 1037524.50 699356.909  32.6%   788 42387s
   425   426 714164.193  216 1040 1037524.50 699356.909  32.6%   821 42567s
   433   435 733817.372  220 1059 1037524.50 699356.909  32.6%   835 42750s
   441   440 716837.589  226 1059 1037524.50 699356.909  32.6%   847 42890s
   447   448 717095.902  230 1052 1037524.50 699356.909  32.6%   859 43030s
   460   461 717230.885  237 1048 1037524.50 699356.909  32.6%   858 43177s
   473   475 736134.975  246 1035 1037524.50 699356.909  32.6%   870 43452s
   479   479 717890.369  247 1026 1037524.50 699356.909  32.6%   885 43595s
   503   505 718667.803  267 1038 1037524.50 699356.909  32.6%   864 43915s
   534   535 718921.141  293 1018 1037524.50 699356.909  32.6%   851 44098s
   566   567 719822.242  309 1012 1037524.50 699356.909  32.6%   827 44350s
   583   583 721156.231  317 1013 1037524.50 699356.909  32.6%   832 44549s
   610   612 733334.572  338  998 1037524.50 699356.909  32.6%   826 44808s
   625   625 732787.365  348 1012 1037524.50 699356.909  32.6%   838 45005s
   650   652 723277.042  361  987 1037524.50 699356.909  32.6%   822 45217s
   664   662 724893.022  366  991 1037524.50 699356.909  32.6%   829 45237s

Cutting planes:
  Cover: 113
  MIR: 815
  Flow cover: 229
  Flow path: 1378
  Network: 1

Explored 667 nodes (813444 simplex iterations) in 45237.24 seconds
Thread count was 4 (of 4 available processors)

Solution count 10: 1.03752e+06 1.04083e+06 1.04314e+06 ... 2.17215e+06

Solve interrupted
Best objective 1.037524499405e+06, best bound 6.993569085601e+05, gap 32.5937%

Gurobi 7.5.1 (mac64, Python) logging started Thu Aug 17 12:09:04 2017

Academic license - for non-commercial use only
Optimize a model with 16606 rows, 298126 columns and 881820 nonzeros
Variable types: 291870 continuous, 6256 integer (6256 binary)
Coefficient statistics:
  Matrix range     [5e-01, 1e+03]
  Objective range  [7e+00, 1e+05]
  Bounds range     [1e+00, 1e+00]
  RHS range        [1e+00, 1e+02]
Found heuristic solution: objective 7.78805e+06
Presolve removed 6210 rows and 6210 columns
Presolve time: 1.64s
Presolved: 10396 rows, 291916 columns, 869400 nonzeros
Variable types: 285660 continuous, 6256 integer (6256 binary)

Deterministic concurrent LP optimizer: primal and dual simplex
Showing first log only...

Presolve removed 2070 rows and 2070 columns
Presolved: 8326 rows, 289846 columns, 865260 nonzeros

Presolve removed 0 rows and 4186 columns
Concurrent spin time: 0.02s

Solved with dual simplex

Root relaxation: objective 4.408932e+05, 5020 iterations, 1.43 seconds

    Nodes    |    Current Node    |     Objective Bounds      |     Work
 Expl Unexpl |  Obj  Depth IntInf | Incumbent    BestBd   Gap | It/Node Time

     0     0 440893.249    0  378 7788047.11 440893.249  94.3%     -    3s
H    0     0                    4321410.5096 440893.249  89.8%     -    7s
     0     0 452751.193    0  460 4321410.51 452751.193  89.5%     -    9s
H    0     0                    2714077.8340 452751.193  83.3%     -   30s
     0     0 459474.967    0 2447 2714077.83 459474.967  83.1%     -   32s
     0     0 459571.249    0 2555 2714077.83 459571.249  83.1%     -   35s
     0     0 459575.772    0 2557 2714077.83 459575.772  83.1%     -   36s
     0     0 459576.251    0 2558 2714077.83 459576.251  83.1%     -   37s
     0     0 471924.075    0 2499 2714077.83 471924.075  82.6%     -   41s
     0     0 477789.094    0 2377 2714077.83 477789.094  82.4%     -   42s
     0     0 509458.797    0  714 2714077.83 509458.797  81.2%     -   49s
     0     0 517253.121    0  987 2714077.83 517253.121  80.9%     -   56s
     0     0 522248.161    0  957 2714077.83 522248.161  80.8%     -   62s
     0     0 523588.906    0  912 2714077.83 523588.906  80.7%     -   65s
     0     0 524583.050    0  911 2714077.83 524583.050  80.7%     -   68s
     0     0 524810.255    0  892 2714077.83 524810.255  80.7%     -   70s
     0     0 524855.184    0  895 2714077.83 524855.184  80.7%     -   72s
     0     0 524883.572    0  892 2714077.83 524883.572  80.7%     -   72s
     0     0 524910.126    0  894 2714077.83 524910.126  80.7%     -   73s
     0     0 524917.939    0  895 2714077.83 524917.939  80.7%     -   73s
     0     0 524919.252    0  896 2714077.83 524919.252  80.7%     -   73s
     0     0 534874.431    0  821 2714077.83 534874.431  80.3%     -   82s
H    0     0                    2181513.8587 534874.431  75.5%     -   83s
     0     0 543132.456    0  836 2181513.86 543132.456  75.1%     -   88s
     0     0 546636.473    0  891 2181513.86 546636.473  74.9%     -   94s
     0     0 550346.775    0  887 2181513.86 550346.775  74.8%     -   99s
     0     0 552524.127    0  877 2181513.86 552524.127  74.7%     -  103s
     0     0 553670.833    0  889 2181513.86 553670.833  74.6%     -  109s
     0     0 555031.420    0  907 2181513.86 555031.420  74.6%     -  113s
     0     0 555403.427    0  930 2181513.86 555403.427  74.5%     -  115s
     0     0 555619.648    0  925 2181513.86 555619.648  74.5%     -  117s
     0     0 555773.381    0  926 2181513.86 555773.381  74.5%     -  119s
     0     0 555803.490    0  936 2181513.86 555803.490  74.5%     -  120s
     0     0 563073.061    0  886 2181513.86 563073.061  74.2%     -  133s
H    0     0                    2172151.4562 563073.061  74.1%     -  133s
     0     0 567684.603    0  906 2172151.46 567684.603  73.9%     -  142s
     0     0 570752.590    0  863 2172151.46 570752.590  73.7%     -  149s
     0     0 572939.731    0  848 2172151.46 572939.731  73.6%     -  154s
     0     0 574153.085    0  900 2172151.46 574153.085  73.6%     -  159s
     0     0 576400.197    0  935 2172151.46 576400.197  73.5%     -  166s
     0     0 577339.395    0  939 2172151.46 577339.395  73.4%     -  171s
     0     0 579450.468    0  983 2172151.46 579450.468  73.3%     -  177s
     0     0 580374.075    0  996 2172151.46 580374.075  73.3%     -  182s
     0     0 581195.322    0 1023 2172151.46 581195.322  73.2%     -  187s
     0     0 581630.441    0 1049 2172151.46 581630.441  73.2%     -  191s
     0     0 581892.836    0 1040 2172151.46 581892.836  73.2%     -  195s
     0     0 582198.945    0 1059 2172151.46 582198.945  73.2%     -  200s
     0     0 582318.250    0 1045 2172151.46 582318.250  73.2%     -  202s
     0     0 582370.536    0 1047 2172151.46 582370.536  73.2%     -  204s
     0     0 587741.511    0  985 2172151.46 587741.511  72.9%     -  220s
H    0     0                    1995391.5262 587741.511  70.5%     -  221s
     0     0 591220.342    0  905 1995391.53 591220.342  70.4%     -  231s
     0     0 594524.896    0  888 1995391.53 594524.896  70.2%     -  240s
     0     0 596049.941    0  897 1995391.53 596049.941  70.1%     -  245s
     0     0 597634.688    0  922 1995391.53 597634.688  70.0%     -  253s
     0     0 598731.507    0  961 1995391.53 598731.507  70.0%     -  260s
     0     0 599547.554    0 1015 1995391.53 599547.554  70.0%     -  266s
     0     0 601036.245    0 1012 1995391.53 601036.245  69.9%     -  273s
     0     0 602392.098    0 1019 1995391.53 602392.098  69.8%     -  281s
     0     0 602951.451    0 1045 1995391.53 602951.451  69.8%     -  287s
     0     0 603581.941    0 1060 1995391.53 603581.941  69.8%     -  293s
     0     0 604006.025    0 1072 1995391.53 604006.025  69.7%     -  298s
     0     0 604419.683    0 1088 1995391.53 604419.683  69.7%     -  305s
     0     0 604700.428    0 1096 1995391.53 604700.428  69.7%     -  310s
     0     0 604940.340    0 1106 1995391.53 604940.340  69.7%     -  316s
     0     0 605190.993    0 1108 1995391.53 605190.993  69.7%     -  321s
     0     0 605368.020    0 1119 1995391.53 605368.020  69.7%     -  326s
     0     0 605459.960    0 1118 1995391.53 605459.960  69.7%     -  330s
     0     0 605530.043    0 1136 1995391.53 605530.043  69.7%     -  334s
     0     0 608874.791    0 1061 1995391.53 608874.791  69.5%     -  354s
H    0     0                    1059038.2589 608874.791  42.5%     - 1019s
     0     0 613564.128    0  993 1059038.26 613564.128  42.1%     - 1039s
     0     0 615573.868    0  965 1059038.26 615573.868  41.9%     - 1050s
     0     0 617149.359    0  971 1059038.26 617149.359  41.7%     - 1060s
     0     0 618316.473    0  990 1059038.26 618316.473  41.6%     - 1069s
     0     0 619333.381    0 1039 1059038.26 619333.381  41.5%     - 1077s
     0     0 620285.421    0 1071 1059038.26 620285.421  41.4%     - 1087s
     0     0 620836.853    0 1063 1059038.26 620836.853  41.4%     - 1095s
     0     0 621448.151    0 1091 1059038.26 621448.151  41.3%     - 1104s
     0     0 622036.678    0 1106 1059038.26 622036.678  41.3%     - 1126s
     0     0 622372.263    0 1109 1059038.26 622372.263  41.2%     - 1133s
     0     0 622723.219    0 1127 1059038.26 622723.219  41.2%     - 1141s
     0     0 623082.191    0 1132 1059038.26 623082.191  41.2%     - 1150s
     0     0 623466.668    0 1154 1059038.26 623466.668  41.1%     - 1159s
     0     0 624253.686    0 1115 1059038.26 624253.686  41.1%     - 1169s
     0     0 624711.222    0 1120 1059038.26 624711.222  41.0%     - 1183s
     0     0 624985.430    0 1168 1059038.26 624985.430  41.0%     - 1190s
     0     0 625233.498    0 1160 1059038.26 625233.498  41.0%     - 1198s
     0     0 625357.801    0 1160 1059038.26 625357.801  41.0%     - 1204s
     0     0 625703.527    0 1197 1059038.26 625703.527  40.9%     - 1212s
     0     0 625835.282    0 1193 1059038.26 625835.282  40.9%     - 1218s
     0     0 625930.482    0 1217 1059038.26 625930.482  40.9%     - 1223s
     0     0 629239.022    0 1130 1059038.26 629239.022  40.6%     - 1249s
H    0     0                    1057379.9859 629239.022  40.5%     - 1251s
     0     0 629646.592    0 1139 1057379.99 629646.592  40.5%     - 1259s
     0     0 629853.086    0 1158 1057379.99 629853.086  40.4%     - 1273s
     0     0 630022.018    0 1171 1057379.99 630022.018  40.4%     - 1288s
     0     0 630246.900    0 1163 1057379.99 630246.900  40.4%     - 1296s
     0     0 630316.934    0 1176 1057379.99 630316.934  40.4%     - 1302s
     0     0 633116.065    0 1119 1057379.99 633116.065  40.1%     - 1325s
     0     0 635448.087    0 1042 1057379.99 635448.087  39.9%     - 1345s
     0     0 636933.038    0 1023 1057379.99 636933.038  39.8%     - 1361s
     0     0 638058.169    0 1018 1057379.99 638058.169  39.7%     - 1373s
     0     0 639214.527    0 1127 1057379.99 639214.527  39.5%     - 1388s
     0     0 640178.273    0 1108 1057379.99 640178.273  39.5%     - 1399s
     0     0 640986.631    0 1104 1057379.99 640986.631  39.4%     - 1411s
     0     0 641806.133    0 1142 1057379.99 641806.133  39.3%     - 1425s
     0     0 642289.503    0 1143 1057379.99 642289.503  39.3%     - 1435s
     0     0 642613.861    0 1152 1057379.99 642613.861  39.2%     - 1442s
     0     0 642920.169    0 1152 1057379.99 642920.169  39.2%     - 1450s
     0     0 643445.206    0 1153 1057379.99 643445.206  39.1%     - 1461s
     0     0 643805.414    0 1159 1057379.99 643805.414  39.1%     - 1470s
     0     0 644161.359    0 1174 1057379.99 644161.359  39.1%     - 1482s
     0     0 644316.013    0 1181 1057379.99 644316.013  39.1%     - 1491s
     0     0 644498.057    0 1175 1057379.99 644498.057  39.0%     - 1499s
     0     0 644694.585    0 1193 1057379.99 644694.585  39.0%     - 1506s
     0     0 645130.827    0 1208 1057379.99 645130.827  39.0%     - 1518s
     0     0 645260.875    0 1196 1057379.99 645260.875  39.0%     - 1531s
     0     0 647937.975    0 1118 1057379.99 647937.975  38.7%     - 1567s
H    0     0                    1056520.4760 647937.975  38.7%     - 1568s
     0     0 650072.324    0 1057 1056520.48 650072.324  38.5%     - 1592s
     0     0 651696.394    0 1026 1056520.48 651696.394  38.3%     - 1617s
     0     0 652542.065    0 1109 1056520.48 652542.065  38.2%     - 1631s
     0     0 653345.069    0 1118 1056520.48 653345.069  38.2%     - 1645s
     0     0 653828.560    0 1127 1056520.48 653828.560  38.1%     - 1656s
     0     0 654534.931    0 1162 1056520.48 654534.931  38.0%     - 1671s
     0     0 654947.419    0 1181 1056520.48 654947.419  38.0%     - 1685s
     0     0 655283.585    0 1207 1056520.48 655283.585  38.0%     - 1699s
     0     0 655516.440    0 1206 1056520.48 655516.440  38.0%     - 1709s
     0     0 655747.474    0 1217 1056520.48 655747.474  37.9%     - 1729s
     0     0 656010.140    0 1222 1056520.48 656010.140  37.9%     - 1739s
     0     0 656358.948    0 1221 1056520.48 656358.948  37.9%     - 1751s
     0     0 656616.760    0 1244 1056520.48 656616.760  37.9%     - 1778s
     0     0 656938.350    0 1244 1056520.48 656938.350  37.8%     - 1791s
     0     0 657083.316    0 1236 1056520.48 657083.316  37.8%     - 1800s
     0     0 659538.315    0 1203 1056520.48 659538.315  37.6%     - 1833s
H    0     0                    1049993.9098 659538.315  37.2%     - 1837s
     0     0 660004.682    0 1189 1049993.91 660004.682  37.1%     - 1855s
     0     0 660347.338    0 1212 1049993.91 660347.338  37.1%     - 1866s
     0     0 660533.617    0 1227 1049993.91 660533.617  37.1%     - 1877s
     0     0 660787.572    0 1209 1049993.91 660787.572  37.1%     - 1891s
     0     0 660918.770    0 1224 1049993.91 660918.770  37.1%     - 1900s
     0     0 663350.457    0 1150 1049993.91 663350.457  36.8%     - 1938s
     0     0 664326.431    0 1104 1049993.91 664326.431  36.7%     - 1958s
     0     0 665700.218    0 1121 1049993.91 665700.218  36.6%     - 1983s
     0     0 666856.016    0 1150 1049993.91 666856.016  36.5%     - 2003s
     0     0 667595.060    0 1153 1049993.91 667595.060  36.4%     - 2021s
     0     0 668074.893    0 1187 1049993.91 668074.893  36.4%     - 2035s
     0     0 668380.787    0 1183 1049993.91 668380.787  36.3%     - 2047s
     0     0 668874.837    0 1195 1049993.91 668874.837  36.3%     - 2062s
     0     0 669138.223    0 1198 1049993.91 669138.223  36.3%     - 2073s
     0     0 669566.894    0 1202 1049993.91 669566.894  36.2%     - 2088s
     0     0 669870.283    0 1213 1049993.91 669870.283  36.2%     - 2102s
     0     0 669999.866    0 1218 1049993.91 669999.866  36.2%     - 2127s
     0     0 672144.065    0 1186 1049993.91 672144.065  36.0%     - 2158s
H    0     0                    1043742.5391 672144.065  35.6%     - 2164s
     0     0 673365.449    0 1125 1043742.54 673365.449  35.5%     - 2188s
     0     0 674307.491    0 1140 1043742.54 674307.491  35.4%     - 2210s
     0     0 675191.446    0 1161 1043742.54 675191.446  35.3%     - 2247s
     0     0 675801.561    0 1173 1043742.54 675801.561  35.3%     - 2266s
     0     0 676239.170    0 1199 1043742.54 676239.170  35.2%     - 2283s
     0     0 676640.934    0 1200 1043742.54 676640.934  35.2%     - 2299s
     0     0 676935.348    0 1214 1043742.54 676935.348  35.1%     - 2313s
     0     0 677241.278    0 1226 1043742.54 677241.278  35.1%     - 2330s
     0     0 677536.546    0 1247 1043742.54 677536.546  35.1%     - 2346s
     0     0 678073.505    0 1238 1043742.54 678073.505  35.0%     - 2365s
     0     0 678666.249    0 1241 1043742.54 678666.249  35.0%     - 2388s
     0     0 678825.974    0 1245 1043742.54 678825.974  35.0%     - 2400s
     0     0 680676.783    0 1195 1043742.54 680676.783  34.8%     - 2443s
     0     0 681090.777    0 1227 1043742.54 681090.777  34.7%     - 2464s
     0     0 681642.934    0 1239 1043742.54 681642.934  34.7%     - 2483s
     0     0 682035.400    0 1244 1043742.54 682035.400  34.7%     - 2499s
     0     0 682294.336    0 1237 1043742.54 682294.336  34.6%     - 2514s
     0     0 682462.819    0 1250 1043742.54 682462.819  34.6%     - 2526s
     0     0 683787.191    0 1236 1043742.54 683787.191  34.5%     - 2562s
H    0     0                    1043135.5818 683787.191  34.4%     - 2569s
     0     0 685598.731    0 1163 1043135.58 685598.731  34.3%     - 2601s
     0     0 686726.785    0 1193 1043135.58 686726.785  34.2%     - 2630s
     0     0 687227.458    0 1192 1043135.58 687227.458  34.1%     - 2648s
     0     0 687829.532    0 1214 1043135.58 687829.532  34.1%     - 2669s
     0     0 688150.260    0 1229 1043135.58 688150.260  34.0%     - 2685s
     0     0 688517.171    0 1232 1043135.58 688517.171  34.0%     - 2713s
     0     0 688741.328    0 1240 1043135.58 688741.328  34.0%     - 2728s
     0     0 690054.532    0 1188 1043135.58 690054.532  33.8%     - 2770s
     0     0 691664.724    0 1151 1043135.58 691664.724  33.7%     - 2804s
     0     0 692355.397    0 1199 1043135.58 692355.397  33.6%     - 2829s
     0     0 692913.782    0 1205 1043135.58 692913.782  33.6%     - 2858s
     0     0 693558.851    0 1204 1043135.58 693558.851  33.5%     - 2879s
     0     0 693897.990    0 1237 1043135.58 693897.990  33.5%     - 2897s
     0     0 694298.917    0 1267 1043135.58 694298.917  33.4%     - 2920s
     0     0 694535.424    0 1248 1043135.58 694535.424  33.4%     - 2936s
     0     0 694819.154    0 1288 1043135.58 694819.154  33.4%     - 2954s
     0     0 695262.397    0 1278 1043135.58 695262.397  33.3%     - 2973s
     0     0 695464.058    0 1290 1043135.58 695464.058  33.3%     - 2999s
     0     0 696442.775    0 1257 1043135.58 696442.775  33.2%     - 3038s
H    0     0                    1040829.5407 696442.775  33.1%     - 3047s
     0     0 696649.553    0 1297 1040829.54 696649.553  33.1%     - 3066s
     0     0 697493.744    0 1250 1040829.54 697493.744  33.0%     - 3103s
     0     0 697493.744    0 1183 1040829.54 697493.744  33.0%     - 3118s
H    0     0                    1037524.4994 697493.744  32.8%     - 3127s
     0     2 697493.744    0 1182 1037524.50 697493.744  32.8%     - 3139s
     1     4 697504.840    1 1183 1037524.50 697504.840  32.8%   738 3220s
     3     6 698961.162    2 1186 1037524.50 698961.162  32.6%  8853 3470s
     7     8 699181.603    4 1184 1037524.50 699181.603  32.6%  5481 3489s
     9    10 699191.972    5 1179 1037524.50 699191.972  32.6%  4339 3500s
    11    12 699198.604    6 1185 1037524.50 699198.604  32.6%  3603 3525s
    15    16 699261.237    8 1183 1037524.50 699261.237  32.6%  2751 3534s
    19    20 699296.687   10 1181 1037524.50 699296.687  32.6%  2211 3546s
    21    22 699340.369   11 1177 1037524.50 699340.369  32.6%  2048 3563s
    24    25 699340.996   12 1180 1037524.50 699340.996  32.6%  1824 3576s
    29    30 699366.466   14 1183 1037524.50 699356.909  32.6%  1554 3587s
    32    33 699387.502   16 1176 1037524.50 699356.909  32.6%  1455 3600s
    34    35 699388.964   17 1175 1037524.50 699356.909  32.6%  1383 3610s
    39    40 699411.680   20 1172 1037524.50 699356.909  32.6%  1231 3623s
    44    45 699445.296   22 1171 1037524.50 699356.909  32.6%  1137 3649s
    46    47 699449.605   23 1173 1037524.50 699356.909  32.6%  1113 3665s
    51    52 699522.748   25 1167 1037524.50 699356.909  32.6%  1038 3677s
    54    55 699537.244   27 1176 1037524.50 699356.909  32.6%  1002 3695s
    60    61 699546.419   31 1170 1037524.50 699356.909  32.6%   919 3711s
    68    69 699561.419   34 1168 1037524.50 699356.909  32.6%   826 3741s
    73    74 699672.798   38 1162 1037524.50 699356.909  32.6%   800 3778s
    78    79 699814.148   40 1165 1037524.50 699356.909  32.6%   783 3799s
    80    81 699816.141   41 1163 1037524.50 699356.909  32.6%   774 3825s
    86    87 699874.498   46 1152 1037524.50 699356.909  32.6%   743 3842s
    90    91 699889.018   48 1157 1037524.50 699356.909  32.6%   724 3862s
    95    97 731630.268   49 1151 1037524.50 699356.909  32.6%   799 4075s
    98    98 699906.051   50 1149 1037524.50 699356.909  32.6%   783 4100s
   106   107 700592.714   55 1156 1037524.50 699356.909  32.6%   807 4289s
   110   113 700563.865   55 1141 1037524.50 699356.909  32.6%   849 4379s
   112   111 700566.138   56 1142 1037524.50 699356.909  32.6%   866 4413s
   118   119 700659.371   60 1132 1037524.50 699356.909  32.6%   842 4458s
   124   125 700835.884   63 1130 1037524.50 699356.909  32.6%   823 4502s
   136   139 726047.664   68 1127 1037524.50 699356.909  32.6%   805 4642s
   138   137 701016.080   69 1134 1037524.50 699356.909  32.6%   840 4677s
   143   144 701046.541   71 1130 1037524.50 699356.909  32.6%   825 4720s
   153   154 701170.677   76 1120 1037524.50 699356.909  32.6%   790 4790s
   159   162 733072.530   79 1113 1037524.50 699356.909  32.6%   856 5216s
   161   160 701529.469   80 1118 1037524.50 699356.909  32.6%   948 5258s
   175   176 701705.233   89 1120 1037524.50 699356.909  32.6%   892 5312s
   186   187 701828.668   92 1117 1037524.50 699356.909  32.6%   857 5364s
   192   195 701862.970   95 1115 1037524.50 699356.909  32.6%   849 5642s
   196   195 702229.954   97 1112 1037524.50 699356.909  32.6%   938 5700s
   205   206 702340.276  103 1105 1037524.50 699356.909  32.6%   915 5753s
   217   218 702539.304  110 1095 1037524.50 699356.909  32.6%   881 5825s
   230   231 702731.536  119 1090 1037524.50 699356.909  32.6%   858 5890s
   235   236 702742.607  121 1088 1037524.50 699356.909  32.6%   852 6014s
   245   248 713374.669  128 1087 1037524.50 699356.909  32.6%   869 6270s
   247   246 703380.925  129 1102 1037524.50 699356.909  32.6%   913 6344s
   255   256 703585.428  135 1093 1037524.50 699356.909  32.6%   903 6437s
   263   265 703820.423  139 1092 1037524.50 699356.909  32.6%   902 6626s
   275   276 703959.661  145 1082 1037524.50 699356.909  32.6%   904 6729s
   288   288 704849.019  151 1092 1037524.50 699356.909  32.6%   890 6805s
   299   300 705370.250  155 1080 1037524.50 699356.909  32.6%   879 6891s
   308   310 734428.495  156 1076 1037524.50 699356.909  32.6%   882 7000s
   316   316 705884.506  157 1089 1037524.50 699356.909  32.6%   876 7108s
   323   325 707809.258  159 1077 1037524.50 699356.909  32.6%   879 7280s
   351   351 708106.867  176 1059 1037524.50 699356.909  32.6%   840 7375s
   379   381 708764.038  190 1067 1037524.50 699356.909  32.6%   798 7638s
   392   392 708909.028  194 1062 1037524.50 699356.909  32.6%   811 7756s
   415   416 709110.846  208 1059 1037524.50 699356.909  32.6%   788 8011s

Cutting planes:
  Cover: 113
  MIR: 815
  Flow cover: 229
  Flow path: 1378
  Network: 1

Explored 424 nodes (597923 simplex iterations) in 8011.88 seconds
Thread count was 4 (of 4 available processors)

Solution count 10: 1.03752e+06 1.04083e+06 1.04314e+06 ... 2.17215e+06

Solve interrupted
Best objective 1.037524499405e+06, best bound 6.993569085601e+05, gap 32.5937%
